<?xml version="1.0" encoding="UTF-8"?>
<!-- Generated by org.testng.reporters.JUnitReportReporter -->
<testsuite hostname="L-156171806" name="com.qa.tests.GoogleTest" tests="1" failures="0" timestamp="25 Oct 2019 08:36:40 GMT" time="13.612" errors="0">
  <testcase name="google" time="13.612" classname="com.qa.tests.GoogleTest"/>
</testsuite> <!-- com.qa.tests.GoogleTest -->
